11-06-2025 10:05:51.201 INFO [main] [] c.t.s.o.s.OmadaLinuxMain(): record: start the omada controller
11-06-2025 10:05:51.209 INFO [main] [] c.t.s.o.s.OmadaLinuxMain(): record: set property finished
11-06-2025 10:05:51.268 INFO [main] [] c.t.s.o.s.OmadaLinuxMain(): record: configure log finished
11-06-2025 10:05:51.279 INFO [main] [] c.t.s.o.c.o.a(): Native Image: null
11-06-2025 10:05:51.285 INFO [main] [] c.t.s.o.s.OmadaBootstrap(): spring.index.ignore : true
11-06-2025 10:05:51.285 INFO [main] [] c.t.s.o.s.OmadaBootstrap(): record: bootstrap prepare
11-06-2025 10:05:51.291 INFO [main] [] c.t.s.o.s.g.c(): Current dir omadac type is linux
11-06-2025 10:05:51.320 INFO [main] [] c.t.s.o.c.o.c.c(): success to load configuration omada.properties
11-06-2025 10:05:51.321 INFO [main] [] c.t.s.o.c.o.OmadacType(): omadacType: Local Controller
11-06-2025 10:05:51.321 INFO [main] [] c.t.s.o.s.g.c(): Configuration omadacType is linux
11-06-2025 10:05:51.336 INFO [main] [] c.t.s.o.s.g.f(): Start startup message daemon.
11-06-2025 10:05:51.392 INFO [main] [] c.t.s.o.s.OmadaBootstrap(): going to start local mongod.
11-06-2025 10:05:51.401 INFO [main] [] c.t.s.o.m.c.c.d(): FailoverClusterEnable is false
11-06-2025 10:05:56.923 INFO [main] [] c.t.s.o.s.s.b(): mongodb process id is 258
11-06-2025 10:05:56.931 ERROR [main] [] c.t.s.f.c.FacadeUtils(): facadeMsgEnable is not enable, msg: Mongo DB server started
11-06-2025 10:05:56.931 INFO [main] [] c.t.s.o.s.s.b(): Mongo DB server started
11-06-2025 10:05:57.165 WARN [main] [] c.t.s.o.s.OmadaBootstrap(): Valid keystore is missing. Generating one ...
11-06-2025 10:05:59.078 INFO [main] [] c.t.s.o.s.OmadaBootstrap(): Certificate generated!
11-06-2025 10:05:59.412 INFO [main] [] c.t.s.o.s.OmadaBootstrap(): record: bootstrap record finished
11-06-2025 10:05:59.412 INFO [main] [] c.t.s.o.s.OmadaBootstrap(): record: bootstrap startup
11-06-2025 10:05:59.475 INFO [main] [] c.t.s.o.s.OmadaBootstrap(): record: start run omada tasks
11-06-2025 10:05:59.475 INFO [main] [] c.t.s.o.s.t.SpringBootStartUpTask(): record: task SpringBootStartupTask start
11-06-2025 10:06:00.218 INFO [main] [] c.t.s.o.s.OmadaLinuxMain(): Starting OmadaLinuxMain v5.15.24.19 using Java 17.0.15 with PID 1 (/opt/tplink/EAPController/lib/local-starter-5.15.24.19.jar started by omada in /opt/tplink/EAPController/lib)
11-06-2025 10:06:00.220 INFO [main] [] c.t.s.o.s.OmadaLinuxMain(): No active profile set, falling back to 1 default profile: "default"
11-06-2025 10:06:21.686 INFO [main] [] c.t.s.o.m.c.OmadaConfigurator(): capability file path is null.
11-06-2025 10:06:33.880 INFO [main] [] c.t.s.e.s.c.c(): start schedule remove expire device... period = 10
11-06-2025 10:06:34.125 INFO [main] [] c.t.s.e.s.c.c(): update rateLimiterCache, permitsPerSecond = 5.0
11-06-2025 10:06:34.504 INFO [main] [] c.t.s.o.m.c.d.m.s.LocalClusterShardForOCAutoConfiguration(): getProrateShardManager for hardware controller 
11-06-2025 10:06:36.732 INFO [main] [] c.t.s.o.o.c.SwaggerConfig(): init all OpenAPI
11-06-2025 10:06:36.737 INFO [main] [] c.t.s.o.o.c.SwaggerConfig(): init account OpenAPI
11-06-2025 10:06:36.880 INFO [main] [] c.t.s.o.d.g.c.f.b.c(): file download mq consume task is start...
11-06-2025 10:06:37.098 INFO [main] [] c.t.s.o.m.l.p.e.LicenseEventCenterProperties(): licenseManagerTopic: omada.cloud.license.prd.topics
11-06-2025 10:06:37.505 INFO [main] [] c.t.s.o.m.p.e.g(): start to register inform kafka topic, topic:omada.v2.devicegateway.device.inform, groupId:omada-monitor-device-gateway-inform-v2-group
11-06-2025 10:06:39.461 WARN [main] [] c.t.c.r.c.d.MemoryDictionary(): Duplicate type code [-1,207], overwriting Digest-Attributes with WISPr-Redirection-URL
11-06-2025 10:06:39.461 WARN [main] [] c.t.c.r.c.d.MemoryDictionary(): Duplicate type code [-1,207], overwriting WISPr-Redirection-URL with WISPr-Location-ID
11-06-2025 10:06:39.747 INFO [main] [] c.t.c.c.a.c.a.e.c.ActionConfig(): Success to init eap action dispatcher, num = 20, invokes = {EAP_MD5_ACTION_INIT=ActionBucketMethod(actionBucket=com.tplink.cdd.component.aaa.core.authentication.eap.service.impl.EapMd5ActionBucket@1b4e6e5c, method=public com.tplink.cdd.radius.common.eap.packet.EapPacket com.tplink.cdd.component.aaa.core.authentication.eap.service.impl.EapMd5ActionBucket.action0(com.tplink.cdd.component.aaa.core.authentication.dto.AuthReq)), PEAP_ACTION_PROCESS_TUNNEL_AUTHENTICATION_FINISH=ActionBucketMethod(actionBucket=com.tplink.cdd.component.aaa.core.authentication.eap.service.impl.PeapActionBucket@11beabd1, method=public com.tplink.cdd.radius.common.eap.packet.EapPacket com.tplink.cdd.component.aaa.core.authentication.eap.service.impl.PeapActionBucket.action9(com.tplink.cdd.component.aaa.core.authentication.dto.AuthReq)), PEAP_ACTION_PROCESS_TUNNEL_AUTHENTICATION_START=ActionBucketMethod(actionBucket=com.tplink.cdd.component.aaa.core.authentication.eap.service.impl.PeapActionBucket@11beabd1, method=public com.tplink.cdd.radius.common.eap.packet.EapPacket com.tplink.cdd.component.aaa.core.authentication.eap.service.impl.PeapActionBucket.action5(com.tplink.cdd.component.aaa.core.authentication.dto.AuthReq)), PEAP_ACTION_PROCESS_TUNNEL_AUTHENTICATION_WAIT_MSCHAPV2_RESPONSE=ActionBucketMethod(actionBucket=com.tplink.cdd.component.aaa.core.authentication.eap.service.impl.PeapActionBucket@11beabd1, method=public com.tplink.cdd.radius.common.eap.packet.EapPacket com.tplink.cdd.component.aaa.core.authentication.eap.service.impl.PeapActionBucket.action7(com.tplink.cdd.component.aaa.core.authentication.dto.AuthReq)), EAP_TTLS_ACTION_INIT=ActionBucketMethod(actionBucket=com.tplink.cdd.component.aaa.core.authentication.eap.service.impl.EapTtlsActionBucket@59f4d7a3, method=public com.tplink.cdd.radius.common.eap.packet.EapPacket com.tplink.cdd.component.aaa.core.authentication.eap.service.impl.EapTtlsActionBucket.action0(com.tplink.cdd.component.aaa.core.authentication.dto.AuthReq)), EAP_MD5_ACTION_PRECESS_CHALLENGE_VALUE=ActionBucketMethod(actionBucket=com.tplink.cdd.component.aaa.core.authentication.eap.service.impl.EapMd5ActionBucket@1b4e6e5c, method=public com.tplink.cdd.radius.common.eap.packet.EapPacket com.tplink.cdd.component.aaa.core.authentication.eap.service.impl.EapMd5ActionBucket.action1(com.tplink.cdd.component.aaa.core.authentication.dto.AuthReq)), EAP_TTLS_ACTION_PROCESS_CLIENT_HELLO=ActionBucketMethod(actionBucket=com.tplink.cdd.component.aaa.core.authentication.eap.service.impl.EapTtlsActionBucket@59f4d7a3, method=public com.tplink.cdd.radius.common.eap.packet.EapPacket com.tplink.cdd.component.aaa.core.authentication.eap.service.impl.EapTtlsActionBucket.action1(com.tplink.cdd.component.aaa.core.authentication.dto.AuthReq)), PEAP_ACTION_INIT=ActionBucketMethod(actionBucket=com.tplink.cdd.component.aaa.core.authentication.eap.service.impl.PeapActionBucket@11beabd1, method=public com.tplink.cdd.radius.common.eap.packet.EapPacket com.tplink.cdd.component.aaa.core.authentication.eap.service.impl.PeapActionBucket.action0(com.tplink.cdd.component.aaa.core.authentication.dto.AuthReq)), EAP_TTLS_ACTION_PROCESS_TUNNEL_AUTHENTICATION_WAIT_EAPMSCHAPV2_VERIFIED_RESPONSE=ActionBucketMethod(actionBucket=com.tplink.cdd.component.aaa.core.authentication.eap.service.impl.EapTtlsActionBucket@59f4d7a3, method=public com.tplink.cdd.radius.common.eap.packet.EapPacket com.tplink.cdd.component.aaa.core.authentication.eap.service.impl.EapTtlsActionBucket.action7(com.tplink.cdd.component.aaa.core.authentication.dto.AuthReq)), PEAP_ACTION_PROCESS_TUNNEL_AUTHENTICATION_WAIT_MSCHAPV2_VERIFIED_RESPONSE=ActionBucketMethod(actionBucket=com.tplink.cdd.component.aaa.core.authentication.eap.service.impl.PeapActionBucket@11beabd1, method=public com.tplink.cdd.radius.common.eap.packet.EapPacket com.tplink.cdd.component.aaa.core.authentication.eap.service.impl.PeapActionBucket.action8(com.tplink.cdd.component.aaa.core.authentication.dto.AuthReq)), EAP_TTLS_ACTION_PROCESS_TUNNEL_AUTHENTICATION_EAP_MD5_CHALLENGE=ActionBucketMethod(actionBucket=com.tplink.cdd.component.aaa.core.authentication.eap.service.impl.EapTtlsActionBucket@59f4d7a3, method=public com.tplink.cdd.radius.common.eap.packet.EapPacket com.tplink.cdd.component.aaa.core.authentication.eap.service.impl.EapTtlsActionBucket.action5(com.tplink.cdd.component.aaa.core.authentication.dto.AuthReq)), EAP_TTLS_ACTION_SEND_SERVER_HELLO_NEXT_FRAGMENT=ActionBucketMethod(actionBucket=com.tplink.cdd.component.aaa.core.authentication.eap.service.impl.EapTtlsActionBucket@59f4d7a3, method=public com.tplink.cdd.radius.common.eap.packet.EapPacket com.tplink.cdd.component.aaa.core.authentication.eap.service.impl.EapTtlsActionBucket.action2(com.tplink.cdd.component.aaa.core.authentication.dto.AuthReq)), EAP_TTLS_ACTION_PROCESS_TUNNEL_AUTHENTICATION_WAIT_EAPMSCHAPV2_RESPONSE=ActionBucketMethod(actionBucket=com.tplink.cdd.component.aaa.core.authentication.eap.service.impl.EapTtlsActionBucket@59f4d7a3, method=public com.tplink.cdd.radius.common.eap.packet.EapPacket com.tplink.cdd.component.aaa.core.authentication.eap.service.impl.EapTtlsActionBucket.action6(com.tplink.cdd.component.aaa.core.authentication.dto.AuthReq)), PEAP_ACTION_PROCESS_ACK=ActionBucketMethod(actionBucket=com.tplink.cdd.component.aaa.core.authentication.eap.service.impl.PeapActionBucket@11beabd1, method=public com.tplink.cdd.radius.common.eap.packet.EapPacket com.tplink.cdd.component.aaa.core.authentication.eap.service.impl.PeapActionBucket.action4(com.tplink.cdd.component.aaa.core.authentication.dto.AuthReq)), EAP_TTLS_ACTION_PROCESS_CLIENT_KEY_FULL=ActionBucketMethod(actionBucket=com.tplink.cdd.component.aaa.core.authentication.eap.service.impl.EapTtlsActionBucket@59f4d7a3, method=public com.tplink.cdd.radius.common.eap.packet.EapPacket com.tplink.cdd.component.aaa.core.authentication.eap.service.impl.EapTtlsActionBucket.action3(com.tplink.cdd.component.aaa.core.authentication.dto.AuthReq)), PEAP_ACTION_PROCESS_CLIENT_HELLO=ActionBucketMethod(actionBucket=com.tplink.cdd.component.aaa.core.authentication.eap.service.impl.PeapActionBucket@11beabd1, method=public com.tplink.cdd.radius.common.eap.packet.EapPacket com.tplink.cdd.component.aaa.core.authentication.eap.service.impl.PeapActionBucket.action1(com.tplink.cdd.component.aaa.core.authentication.dto.AuthReq)), PEAP_ACTION_PROCESS_TUNNEL_AUTHENTICATION_MD5_CHALLENGE=ActionBucketMethod(actionBucket=com.tplink.cdd.component.aaa.core.authentication.eap.service.impl.PeapActionBucket@11beabd1, method=public com.tplink.cdd.radius.common.eap.packet.EapPacket com.tplink.cdd.component.aaa.core.authentication.eap.service.impl.PeapActionBucket.action6(com.tplink.cdd.component.aaa.core.authentication.dto.AuthReq)), PEAP_ACTION_PROCESS_CLIENT_KEY_FULL=ActionBucketMethod(actionBucket=com.tplink.cdd.component.aaa.core.authentication.eap.service.impl.PeapActionBucket@11beabd1, method=public com.tplink.cdd.radius.common.eap.packet.EapPacket com.tplink.cdd.component.aaa.core.authentication.eap.service.impl.PeapActionBucket.action3(com.tplink.cdd.component.aaa.core.authentication.dto.AuthReq)), PEAP_ACTION_SEND_SERVER_HELLO_NEXT_FRAGMENT=ActionBucketMethod(actionBucket=com.tplink.cdd.component.aaa.core.authentication.eap.service.impl.PeapActionBucket@11beabd1, method=public com.tplink.cdd.radius.common.eap.packet.EapPacket com.tplink.cdd.component.aaa.core.authentication.eap.service.impl.PeapActionBucket.action2(com.tplink.cdd.component.aaa.core.authentication.dto.AuthReq)), EAP_TTLS_ACTION_PROCESS_TUNNEL_AUTHENTICATION_START=ActionBucketMethod(actionBucket=com.tplink.cdd.component.aaa.core.authentication.eap.service.impl.EapTtlsActionBucket@59f4d7a3, method=public com.tplink.cdd.radius.common.eap.packet.EapPacket com.tplink.cdd.component.aaa.core.authentication.eap.service.impl.EapTtlsActionBucket.action4(com.tplink.cdd.component.aaa.core.authentication.dto.AuthReq))}
11-06-2025 10:06:39.767 INFO [main] [] c.t.c.c.a.c.a.c.EapAuthConfig(): Success to init eap auth dispatcher, num = 4, invokes = {PEAP=com.tplink.cdd.component.aaa.core.authentication.service.handler.UserAccessEapPeapAuthHandler@ec9696d, EAP_MD5=com.tplink.cdd.component.aaa.core.authentication.service.handler.UserAccessEapMd5AuthHandler@892920, EAP_TTLS=com.tplink.cdd.component.aaa.core.authentication.service.handler.UserAccessEapTTlsAuthHandler@2810cf45, EAP_TLS=com.tplink.cdd.component.aaa.core.authentication.service.handler.UserAccessEapTlsAuthHandler@ac2dde2}
11-06-2025 10:06:39.772 INFO [main] [] c.t.c.c.a.c.a.c.AuthConfig(): Success to init radius auth dispatcher, num = 8, invokes = {MAC_EAP=com.tplink.cdd.component.aaa.core.authentication.service.handler.MacEapAuthHandler@1f5355db, PORTAL_PAP=com.tplink.cdd.component.aaa.core.authentication.service.handler.PapPortalAuthHandler@32568ec4, PORTAL_CHAP=com.tplink.cdd.component.aaa.core.authentication.service.handler.ChapPortalAuthHandler@463e8b9d, USER_ACCESS_EAP=com.tplink.cdd.component.aaa.core.authentication.service.handler.UserAccessEapAuthHandler@7847e211, PPSK_BOUND_MAC_PAP=com.tplink.cdd.component.aaa.core.authentication.service.handler.PpskBoundMacPapAuthHandler@1502f3f8, USER_ACCESS_PAP=com.tplink.cdd.component.aaa.core.authentication.service.handler.UserAccessPapAuthHandler@3063ce1e, MAC_PAP=com.tplink.cdd.component.aaa.core.authentication.service.handler.MacPapAuthHandler@39e634ca, USER_ACCESS_CHAP=com.tplink.cdd.component.aaa.core.authentication.service.handler.UserAccessChapAuthHandler@1367fea9}
11-06-2025 10:06:39.829 INFO [main] [] c.t.c.c.a.c.a.a.AccountingConfig(): Success to init radius accounting handler, num = 0, invokes = {}
11-06-2025 10:06:44.071 INFO [main] [] c.t.s.o.m.d.d.m.m.c.DeviceMsgConfig(): setMsgThreadPool thread coreSize is 32, maxSize is 32,queue size is 9000
11-06-2025 10:06:44.765 INFO [main] [] c.t.s.o.m.c.t.e.TemplateSyncExecutorConfiguration(): template sync workGroup core thread num is 30, max thread num is 30
11-06-2025 10:06:47.838 INFO [main] [] n.d.b.g.s.a.GrpcServerFactoryAutoConfiguration(): Detected grpc-netty-shaded: Creating ShadedNettyGrpcServerFactory
11-06-2025 10:06:48.424 INFO [main] [] c.t.s.o.o.c.SwaggerConfig(): initOpenAPI.docInfo=DocInfo(title=Omada Open API, description=Omada Open API, version=v0.1, websiteName=Omada Controller, websiteUrl=http://omada.tplink.com)
11-06-2025 10:06:48.453 INFO [main] [] c.t.s.o.o.c.SwaggerConfig(): initOpenAPI.docInfo=DocInfo(title=Omada Open API, description=Omada Open API, version=v0.1, websiteName=Omada Controller, websiteUrl=http://omada.tplink.com)
11-06-2025 10:06:48.454 INFO [main] [] c.t.s.o.o.c.SwaggerConfig(): initOpenAPI.docInfo=DocInfo(title=Omada Open API, description=Omada Open API, version=v0.1, websiteName=Omada Controller, websiteUrl=http://omada.tplink.com)
11-06-2025 10:06:48.454 INFO [main] [] c.t.s.o.o.c.SwaggerConfig(): initOpenAPI.docInfo=DocInfo(title=Omada Open API, description=Omada Open API, version=v0.1, websiteName=Omada Controller, websiteUrl=http://omada.tplink.com)
11-06-2025 10:06:48.454 INFO [main] [] c.t.s.o.o.c.SwaggerConfig(): initOpenAPI.docInfo=DocInfo(title=Omada Open API, description=Omada Open API, version=v0.1, websiteName=Omada Controller, websiteUrl=http://omada.tplink.com)
11-06-2025 10:06:48.455 INFO [main] [] c.t.s.o.o.c.SwaggerConfig(): initOpenAPI.docInfo=DocInfo(title=Omada Open API, description=Omada Open API, version=v0.1, websiteName=Omada Controller, websiteUrl=http://omada.tplink.com)
11-06-2025 10:06:48.455 INFO [main] [] c.t.s.o.o.c.SwaggerConfig(): initOpenAPI.docInfo=DocInfo(title=Omada Open API, description=Omada Open API, version=v0.1, websiteName=Omada Controller, websiteUrl=http://omada.tplink.com)
11-06-2025 10:06:48.455 INFO [main] [] c.t.s.o.o.c.SwaggerConfig(): initOpenAPI.docInfo=DocInfo(title=Omada Open API, description=Omada Open API, version=v0.1, websiteName=Omada Controller, websiteUrl=http://omada.tplink.com)
11-06-2025 10:06:48.456 INFO [main] [] c.t.s.o.o.c.SwaggerConfig(): initOpenAPI.docInfo=DocInfo(title=Omada Open API, description=Omada Open API, version=v0.1, websiteName=Omada Controller, websiteUrl=http://omada.tplink.com)
11-06-2025 10:06:48.456 INFO [main] [] c.t.s.o.o.c.SwaggerConfig(): initOpenAPI.docInfo=DocInfo(title=Omada Open API, description=Omada Open API, version=v0.1, websiteName=Omada Controller, websiteUrl=http://omada.tplink.com)
11-06-2025 10:06:48.456 INFO [main] [] c.t.s.o.o.c.SwaggerConfig(): initOpenAPI.docInfo=DocInfo(title=Omada Open API, description=Omada Open API, version=v0.1, websiteName=Omada Controller, websiteUrl=http://omada.tplink.com)
11-06-2025 10:06:48.456 INFO [main] [] c.t.s.o.o.c.SwaggerConfig(): initOpenAPI.docInfo=DocInfo(title=Omada Open API, description=Omada Open API, version=v0.1, websiteName=Omada Controller, websiteUrl=http://omada.tplink.com)
11-06-2025 10:06:48.456 INFO [main] [] c.t.s.o.o.c.SwaggerConfig(): initOpenAPI.docInfo=DocInfo(title=Omada Open API, description=Omada Open API, version=v0.1, websiteName=Omada Controller, websiteUrl=http://omada.tplink.com)
11-06-2025 10:06:48.457 INFO [main] [] c.t.s.o.o.c.SwaggerConfig(): initOpenAPI.docInfo=DocInfo(title=Omada Open API, description=Omada Open API, version=v0.1, websiteName=Omada Controller, websiteUrl=http://omada.tplink.com)
11-06-2025 10:06:48.457 INFO [main] [] c.t.s.o.o.c.SwaggerConfig(): initOpenAPI.docInfo=DocInfo(title=Omada Open API, description=Omada Open API, version=v0.1, websiteName=Omada Controller, websiteUrl=http://omada.tplink.com)
11-06-2025 10:06:48.458 INFO [main] [] c.t.s.o.o.c.SwaggerConfig(): initOpenAPI.docInfo=DocInfo(title=Omada Open API, description=Omada Open API, version=v0.1, websiteName=Omada Controller, websiteUrl=http://omada.tplink.com)
11-06-2025 10:06:48.458 INFO [main] [] c.t.s.o.o.c.SwaggerConfig(): initOpenAPI.docInfo=DocInfo(title=Omada Open API, description=Omada Open API, version=v0.1, websiteName=Omada Controller, websiteUrl=http://omada.tplink.com)
11-06-2025 10:06:48.459 INFO [main] [] c.t.s.o.o.c.SwaggerConfig(): initOpenAPI.docInfo=DocInfo(title=Omada Open API, description=Omada Open API, version=v0.1, websiteName=Omada Controller, websiteUrl=http://omada.tplink.com)
11-06-2025 10:06:48.463 INFO [main] [] c.t.s.o.o.c.SwaggerConfig(): initOpenAPI.docInfo=DocInfo(title=Omada Open API, description=Omada Open API, version=v0.1, websiteName=Omada Controller, websiteUrl=http://omada.tplink.com)
11-06-2025 10:06:49.081 INFO [main] [] n.d.b.g.c.a.GrpcClientAutoConfiguration(): Detected grpc-netty-shaded: Creating ShadedNettyChannelFactory + InProcessChannelFactory
11-06-2025 10:06:52.442 INFO [main] [] c.t.s.o.d.g.c.d.ThreadConfiguration(): device-gateway datatrack workGroup core thread  num is 32, max thread num is 32
11-06-2025 10:06:52.446 INFO [main] [] c.t.s.o.d.g.c.d.ThreadConfiguration(): device-gateway datatrack time task workGroup core thread  num is 32, max thread num is 32
11-06-2025 10:06:52.563 INFO [main] [] c.t.s.o.m.d.p.t.TransportConfiguration(): discovery workGroup core thread num is 2, max thread num is 10
11-06-2025 10:06:52.566 INFO [main] [] c.t.s.o.m.d.p.t.TransportConfiguration(): adopt workGroup core thread num is 8, max thread num is8
11-06-2025 10:06:52.569 INFO [main] [] c.t.s.o.m.d.p.t.TransportConfiguration(): manager workGroup core thread  num is 16, max thread num is 16
11-06-2025 10:06:52.571 INFO [main] [] c.t.s.o.m.d.p.t.TransportConfiguration(): manage Inform workGroup core thread  num is 16, max thread num is 16
11-06-2025 10:06:52.596 INFO [main] [] c.t.s.o.m.d.p.t.TransportConfiguration(): upgradeSendReq workGroup core thread num is 1, max thread num is 1
11-06-2025 10:06:52.599 INFO [main] [] c.t.s.o.m.d.p.t.TransportConfiguration(): force provision device workGroup core thread num is 5, max thread num is 5
11-06-2025 10:06:52.643 INFO [main] [] c.t.s.o.m.c.a.s.m.e.MapExecutorConfiguration(): map workGroup core thread num is 1, max thread num is 1
11-06-2025 10:06:52.679 INFO [main] [] c.t.s.o.m.c.d.m.s.w.s.c.WirelessGroupConfig(): ssidWorkerGroup thread size is 16, queue size is 1500
11-06-2025 10:06:55.024 WARN [main] [] o.a.t.u.n.j.JSSEUtil(): Tomcat interprets the [ciphers] attribute in a manner consistent with the latest OpenSSL development branch. Some of the specified [ciphers] are not supported by the configured SSL engine for this connector (which may use JSSE or an older OpenSSL version) and have been skipped: [[TLS_ECDHE_ECDSA_WITH_AES_256_CCM, TLS_DHE_PSK_WITH_AES_256_CCM, TLS_DHE_RSA_WITH_AES_256_CCM, TLS_ECDHE_PSK_WITH_AES_256_CBC_SHA384, TLS_ECDHE_PSK_WITH_AES_256_CBC_SHA, TLS_SRP_SHA_DSS_WITH_AES_256_CBC_SHA, TLS_SRP_SHA_RSA_WITH_AES_256_CBC_SHA, TLS_SRP_SHA_WITH_AES_256_CBC_SHA, TLS_RSA_PSK_WITH_AES_256_CBC_SHA384, TLS_DHE_PSK_WITH_AES_256_CBC_SHA384, TLS_RSA_PSK_WITH_AES_256_GCM_SHA384, TLS_DHE_PSK_WITH_AES_256_GCM_SHA384, TLS_DH_DSS_WITH_AES_256_GCM_SHA384, TLS_DH_RSA_WITH_AES_256_GCM_SHA384, TLS_RSA_PSK_WITH_AES_256_CBC_SHA, TLS_DHE_PSK_WITH_AES_256_CBC_SHA, TLS_DH_RSA_WITH_AES_256_CBC_SHA256, TLS_DH_DSS_WITH_AES_256_CBC_SHA256, TLS_DH_RSA_WITH_AES_256_CBC_SHA, TLS_DH_DSS_WITH_AES_256_CBC_SHA, TLS_ECDHE_RSA_WITH_CAMELLIA_256_CBC_SHA384, TLS_ECDHE_ECDSA_WITH_CAMELLIA_256_CBC_SHA384, TLS_ECDHE_RSA_WITH_ARIA_256_GCM_SHA384, TLS_ECDHE_ECDSA_WITH_ARIA_256_GCM_SHA384, TLS_RSA_PSK_WITH_CHACHA20_POLY1305_SHA256, TLS_DHE_PSK_WITH_CHACHA20_POLY1305_SHA256, TLS_ECDHE_PSK_WITH_CHACHA20_POLY1305_SHA256, TLS_ECDHE_PSK_WITH_CAMELLIA_256_CBC_SHA384, TLS_RSA_PSK_WITH_CAMELLIA_256_CBC_SHA384, TLS_DHE_PSK_WITH_CAMELLIA_256_CBC_SHA384, TLS_RSA_PSK_WITH_ARIA_256_GCM_SHA384, TLS_DHE_PSK_WITH_ARIA_256_GCM_SHA384, TLS_DHE_DSS_WITH_ARIA_256_GCM_SHA384, TLS_DHE_RSA_WITH_ARIA_256_GCM_SHA384, TLS_DHE_RSA_WITH_CAMELLIA_256_CBC_SHA256, TLS_DHE_DSS_WITH_CAMELLIA_256_CBC_SHA256, TLS_DH_RSA_WITH_CAMELLIA_256_CBC_SHA256, TLS_DH_DSS_WITH_CAMELLIA_256_CBC_SHA256, TLS_DHE_RSA_WITH_CAMELLIA_256_CBC_SHA, TLS_DHE_DSS_WITH_CAMELLIA_256_CBC_SHA, TLS_DH_RSA_WITH_CAMELLIA_256_CBC_SHA, TLS_DH_DSS_WITH_CAMELLIA_256_CBC_SHA, TLS_ECDH_RSA_WITH_AES_256_GCM_SHA384, TLS_ECDH_ECDSA_WITH_AES_256_GCM_SHA384, TLS_ECDH_RSA_WITH_AES_256_CBC_SHA384, TLS_ECDH_ECDSA_WITH_AES_256_CBC_SHA384, TLS_ECDH_RSA_WITH_AES_256_CBC_SHA, TLS_ECDH_ECDSA_WITH_AES_256_CBC_SHA, TLS_ECDH_RSA_WITH_CAMELLIA_256_CBC_SHA384, TLS_ECDH_ECDSA_WITH_CAMELLIA_256_CBC_SHA384, TLS_PSK_WITH_AES_256_CCM, TLS_PSK_WITH_AES_256_CBC_SHA384, TLS_PSK_WITH_AES_256_GCM_SHA384, TLS_PSK_WITH_AES_256_CBC_SHA, TLS_PSK_WITH_CHACHA20_POLY1305_SHA256, TLS_PSK_WITH_CAMELLIA_256_CBC_SHA384, TLS_PSK_WITH_ARIA_256_GCM_SHA384, TLS_ECDHE_ECDSA_WITH_AES_128_CCM, TLS_DHE_PSK_WITH_AES_128_CCM, TLS_DHE_RSA_WITH_AES_128_CCM, TLS_ECDHE_PSK_WITH_AES_128_CBC_SHA256, TLS_ECDHE_PSK_WITH_AES_128_CBC_SHA, TLS_SRP_SHA_DSS_WITH_AES_128_CBC_SHA, TLS_SRP_SHA_RSA_WITH_AES_128_CBC_SHA, TLS_SRP_SHA_WITH_AES_128_CBC_SHA, TLS_AES_128_CCM_SHA256, TLS_RSA_PSK_WITH_AES_128_CBC_SHA256, TLS_DHE_PSK_WITH_AES_128_CBC_SHA256, TLS_RSA_PSK_WITH_AES_128_GCM_SHA256, TLS_DHE_PSK_WITH_AES_128_GCM_SHA256, TLS_DH_DSS_WITH_AES_128_GCM_SHA256, TLS_DH_RSA_WITH_AES_128_GCM_SHA256, TLS_RSA_PSK_WITH_AES_128_CBC_SHA, TLS_DHE_PSK_WITH_AES_128_CBC_SHA, TLS_DH_RSA_WITH_AES_128_CBC_SHA256, TLS_DH_DSS_WITH_AES_128_CBC_SHA256, TLS_DH_RSA_WITH_AES_128_CBC_SHA, TLS_DH_DSS_WITH_AES_128_CBC_SHA, TLS_ECDHE_RSA_WITH_CAMELLIA_128_CBC_SHA256, TLS_ECDHE_ECDSA_WITH_CAMELLIA_128_CBC_SHA256, TLS_ECDHE_RSA_WITH_ARIA_128_GCM_SHA256, TLS_ECDHE_ECDSA_WITH_ARIA_128_GCM_SHA256, TLS_ECDHE_PSK_WITH_CAMELLIA_128_CBC_SHA256, TLS_RSA_PSK_WITH_CAMELLIA_128_CBC_SHA256, TLS_DHE_PSK_WITH_CAMELLIA_128_CBC_SHA256, TLS_RSA_PSK_WITH_ARIA_128_GCM_SHA256, TLS_DHE_PSK_WITH_ARIA_128_GCM_SHA256, TLS_DHE_DSS_WITH_ARIA_128_GCM_SHA256, TLS_DHE_RSA_WITH_ARIA_128_GCM_SHA256, TLS_DHE_RSA_WITH_CAMELLIA_128_CBC_SHA256, TLS_DHE_DSS_WITH_CAMELLIA_128_CBC_SHA256, TLS_DH_RSA_WITH_CAMELLIA_128_CBC_SHA256, TLS_DH_DSS_WITH_CAMELLIA_128_CBC_SHA256, TLS_DHE_RSA_WITH_CAMELLIA_128_CBC_SHA, TLS_DHE_DSS_WITH_CAMELLIA_128_CBC_SHA, TLS_DH_RSA_WITH_CAMELLIA_128_CBC_SHA, TLS_DH_DSS_WITH_CAMELLIA_128_CBC_SHA, TLS_ECDH_RSA_WITH_AES_128_GCM_SHA256, TLS_ECDH_ECDSA_WITH_AES_128_GCM_SHA256, TLS_ECDH_RSA_WITH_AES_128_CBC_SHA256, TLS_ECDH_ECDSA_WITH_AES_128_CBC_SHA256, TLS_ECDH_RSA_WITH_AES_128_CBC_SHA, TLS_ECDH_ECDSA_WITH_AES_128_CBC_SHA, TLS_ECDH_RSA_WITH_CAMELLIA_128_CBC_SHA256, TLS_ECDH_ECDSA_WITH_CAMELLIA_128_CBC_SHA256, TLS_PSK_WITH_AES_128_CCM, TLS_PSK_WITH_AES_128_CBC_SHA256, TLS_PSK_WITH_AES_128_GCM_SHA256, TLS_PSK_WITH_AES_128_CBC_SHA, TLS_PSK_WITH_CAMELLIA_128_CBC_SHA256, TLS_PSK_WITH_ARIA_128_GCM_SHA256]]
11-06-2025 10:06:55.043 WARN [main] [] o.a.t.u.n.j.JSSEUtil(): Tomcat interprets the [ciphers] attribute in a manner consistent with the latest OpenSSL development branch. Some of the specified [ciphers] are not supported by the configured SSL engine for this connector (which may use JSSE or an older OpenSSL version) and have been skipped: [[TLS_ECDHE_ECDSA_WITH_AES_256_CCM, TLS_DHE_PSK_WITH_AES_256_CCM, TLS_DHE_RSA_WITH_AES_256_CCM, TLS_ECDHE_PSK_WITH_AES_256_CBC_SHA384, TLS_ECDHE_PSK_WITH_AES_256_CBC_SHA, TLS_SRP_SHA_DSS_WITH_AES_256_CBC_SHA, TLS_SRP_SHA_RSA_WITH_AES_256_CBC_SHA, TLS_SRP_SHA_WITH_AES_256_CBC_SHA, TLS_RSA_PSK_WITH_AES_256_CBC_SHA384, TLS_DHE_PSK_WITH_AES_256_CBC_SHA384, TLS_RSA_PSK_WITH_AES_256_GCM_SHA384, TLS_DHE_PSK_WITH_AES_256_GCM_SHA384, TLS_DH_DSS_WITH_AES_256_GCM_SHA384, TLS_DH_RSA_WITH_AES_256_GCM_SHA384, TLS_RSA_PSK_WITH_AES_256_CBC_SHA, TLS_DHE_PSK_WITH_AES_256_CBC_SHA, TLS_DH_RSA_WITH_AES_256_CBC_SHA256, TLS_DH_DSS_WITH_AES_256_CBC_SHA256, TLS_DH_RSA_WITH_AES_256_CBC_SHA, TLS_DH_DSS_WITH_AES_256_CBC_SHA, TLS_ECDHE_RSA_WITH_CAMELLIA_256_CBC_SHA384, TLS_ECDHE_ECDSA_WITH_CAMELLIA_256_CBC_SHA384, TLS_ECDHE_RSA_WITH_ARIA_256_GCM_SHA384, TLS_ECDHE_ECDSA_WITH_ARIA_256_GCM_SHA384, TLS_RSA_PSK_WITH_CHACHA20_POLY1305_SHA256, TLS_DHE_PSK_WITH_CHACHA20_POLY1305_SHA256, TLS_ECDHE_PSK_WITH_CHACHA20_POLY1305_SHA256, TLS_ECDHE_PSK_WITH_CAMELLIA_256_CBC_SHA384, TLS_RSA_PSK_WITH_CAMELLIA_256_CBC_SHA384, TLS_DHE_PSK_WITH_CAMELLIA_256_CBC_SHA384, TLS_RSA_PSK_WITH_ARIA_256_GCM_SHA384, TLS_DHE_PSK_WITH_ARIA_256_GCM_SHA384, TLS_DHE_DSS_WITH_ARIA_256_GCM_SHA384, TLS_DHE_RSA_WITH_ARIA_256_GCM_SHA384, TLS_DHE_RSA_WITH_CAMELLIA_256_CBC_SHA256, TLS_DHE_DSS_WITH_CAMELLIA_256_CBC_SHA256, TLS_DH_RSA_WITH_CAMELLIA_256_CBC_SHA256, TLS_DH_DSS_WITH_CAMELLIA_256_CBC_SHA256, TLS_DHE_RSA_WITH_CAMELLIA_256_CBC_SHA, TLS_DHE_DSS_WITH_CAMELLIA_256_CBC_SHA, TLS_DH_RSA_WITH_CAMELLIA_256_CBC_SHA, TLS_DH_DSS_WITH_CAMELLIA_256_CBC_SHA, TLS_ECDH_RSA_WITH_AES_256_GCM_SHA384, TLS_ECDH_ECDSA_WITH_AES_256_GCM_SHA384, TLS_ECDH_RSA_WITH_AES_256_CBC_SHA384, TLS_ECDH_ECDSA_WITH_AES_256_CBC_SHA384, TLS_ECDH_RSA_WITH_AES_256_CBC_SHA, TLS_ECDH_ECDSA_WITH_AES_256_CBC_SHA, TLS_ECDH_RSA_WITH_CAMELLIA_256_CBC_SHA384, TLS_ECDH_ECDSA_WITH_CAMELLIA_256_CBC_SHA384, TLS_PSK_WITH_AES_256_CCM, TLS_PSK_WITH_AES_256_CBC_SHA384, TLS_PSK_WITH_AES_256_GCM_SHA384, TLS_PSK_WITH_AES_256_CBC_SHA, TLS_PSK_WITH_CHACHA20_POLY1305_SHA256, TLS_PSK_WITH_CAMELLIA_256_CBC_SHA384, TLS_PSK_WITH_ARIA_256_GCM_SHA384, TLS_ECDHE_ECDSA_WITH_AES_128_CCM, TLS_DHE_PSK_WITH_AES_128_CCM, TLS_DHE_RSA_WITH_AES_128_CCM, TLS_ECDHE_PSK_WITH_AES_128_CBC_SHA256, TLS_ECDHE_PSK_WITH_AES_128_CBC_SHA, TLS_SRP_SHA_DSS_WITH_AES_128_CBC_SHA, TLS_SRP_SHA_RSA_WITH_AES_128_CBC_SHA, TLS_SRP_SHA_WITH_AES_128_CBC_SHA, TLS_AES_128_CCM_SHA256, TLS_RSA_PSK_WITH_AES_128_CBC_SHA256, TLS_DHE_PSK_WITH_AES_128_CBC_SHA256, TLS_RSA_PSK_WITH_AES_128_GCM_SHA256, TLS_DHE_PSK_WITH_AES_128_GCM_SHA256, TLS_DH_DSS_WITH_AES_128_GCM_SHA256, TLS_DH_RSA_WITH_AES_128_GCM_SHA256, TLS_RSA_PSK_WITH_AES_128_CBC_SHA, TLS_DHE_PSK_WITH_AES_128_CBC_SHA, TLS_DH_RSA_WITH_AES_128_CBC_SHA256, TLS_DH_DSS_WITH_AES_128_CBC_SHA256, TLS_DH_RSA_WITH_AES_128_CBC_SHA, TLS_DH_DSS_WITH_AES_128_CBC_SHA, TLS_ECDHE_RSA_WITH_CAMELLIA_128_CBC_SHA256, TLS_ECDHE_ECDSA_WITH_CAMELLIA_128_CBC_SHA256, TLS_ECDHE_RSA_WITH_ARIA_128_GCM_SHA256, TLS_ECDHE_ECDSA_WITH_ARIA_128_GCM_SHA256, TLS_ECDHE_PSK_WITH_CAMELLIA_128_CBC_SHA256, TLS_RSA_PSK_WITH_CAMELLIA_128_CBC_SHA256, TLS_DHE_PSK_WITH_CAMELLIA_128_CBC_SHA256, TLS_RSA_PSK_WITH_ARIA_128_GCM_SHA256, TLS_DHE_PSK_WITH_ARIA_128_GCM_SHA256, TLS_DHE_DSS_WITH_ARIA_128_GCM_SHA256, TLS_DHE_RSA_WITH_ARIA_128_GCM_SHA256, TLS_DHE_RSA_WITH_CAMELLIA_128_CBC_SHA256, TLS_DHE_DSS_WITH_CAMELLIA_128_CBC_SHA256, TLS_DH_RSA_WITH_CAMELLIA_128_CBC_SHA256, TLS_DH_DSS_WITH_CAMELLIA_128_CBC_SHA256, TLS_DHE_RSA_WITH_CAMELLIA_128_CBC_SHA, TLS_DHE_DSS_WITH_CAMELLIA_128_CBC_SHA, TLS_DH_RSA_WITH_CAMELLIA_128_CBC_SHA, TLS_DH_DSS_WITH_CAMELLIA_128_CBC_SHA, TLS_ECDH_RSA_WITH_AES_128_GCM_SHA256, TLS_ECDH_ECDSA_WITH_AES_128_GCM_SHA256, TLS_ECDH_RSA_WITH_AES_128_CBC_SHA256, TLS_ECDH_ECDSA_WITH_AES_128_CBC_SHA256, TLS_ECDH_RSA_WITH_AES_128_CBC_SHA, TLS_ECDH_ECDSA_WITH_AES_128_CBC_SHA, TLS_ECDH_RSA_WITH_CAMELLIA_128_CBC_SHA256, TLS_ECDH_ECDSA_WITH_CAMELLIA_128_CBC_SHA256, TLS_PSK_WITH_AES_128_CCM, TLS_PSK_WITH_AES_128_CBC_SHA256, TLS_PSK_WITH_AES_128_GCM_SHA256, TLS_PSK_WITH_AES_128_CBC_SHA, TLS_PSK_WITH_CAMELLIA_128_CBC_SHA256, TLS_PSK_WITH_ARIA_128_GCM_SHA256]]
11-06-2025 10:06:55.250 INFO [main] [] n.d.b.g.s.s.AbstractGrpcServerFactory(): Registered gRPC service: client.cluster.service.ClientOverviewClusterInternalApiService, bean: com.tplink.smb.omada.client.port.e.a.a, class: com.tplink.smb.omada.client.port.e.a.a
11-06-2025 10:06:55.250 INFO [main] [] n.d.b.g.s.s.AbstractGrpcServerFactory(): Registered gRPC service: maintenance.cluster.service.RestoreOperateClusterInternalApiService, bean: com.tplink.smb.omada.maintenance.port.a.a.b, class: com.tplink.smb.omada.maintenance.port.a.a.b
11-06-2025 10:06:55.250 INFO [main] [] n.d.b.g.s.s.AbstractGrpcServerFactory(): Registered gRPC service: maintenance.cluster.service.AutoBackupExportClusterInternalApiService, bean: com.tplink.smb.omada.maintenance.port.a.a.a, class: com.tplink.smb.omada.maintenance.port.a.a.a
11-06-2025 10:06:55.250 INFO [main] [] n.d.b.g.s.s.AbstractGrpcServerFactory(): Registered gRPC service: cluster.service.DeviceOverviewClusterInternalApiService, bean: com.tplink.smb.omada.manager.port.f.a.b, class: com.tplink.smb.omada.manager.port.f.a.b
11-06-2025 10:06:55.250 INFO [main] [] n.d.b.g.s.s.AbstractGrpcServerFactory(): Registered gRPC service: cluster.service.DstInternalLocalApiService, bean: com.tplink.smb.omada.manager.port.f.a.c, class: com.tplink.smb.omada.manager.port.f.a.c
11-06-2025 10:06:55.250 INFO [main] [] n.d.b.g.s.s.AbstractGrpcServerFactory(): Registered gRPC service: cluster.service.WebSocketClusterInternalApiService, bean: com.tplink.smb.omada.manager.port.f.a.f, class: com.tplink.smb.omada.manager.port.f.a.f
11-06-2025 10:06:55.250 INFO [main] [] n.d.b.g.s.s.AbstractGrpcServerFactory(): Registered gRPC service: cluster.service.ClusterInternalApiService, bean: com.tplink.smb.omada.manager.port.f.a.a, class: com.tplink.smb.omada.manager.port.f.a.a
11-06-2025 10:06:55.250 INFO [main] [] n.d.b.g.s.s.AbstractGrpcServerFactory(): Registered gRPC service: cluster.service.LogExportClusterInternalApiService, bean: com.tplink.smb.omada.manager.port.f.a.d, class: com.tplink.smb.omada.manager.port.f.a.d
11-06-2025 10:06:55.250 INFO [main] [] n.d.b.g.s.s.AbstractGrpcServerFactory(): Registered gRPC service: cluster.service.SystemSettingClusterInternalApiService, bean: com.tplink.smb.omada.manager.port.f.a.e, class: com.tplink.smb.omada.manager.port.f.a.e
11-06-2025 10:06:55.250 INFO [main] [] n.d.b.g.s.s.AbstractGrpcServerFactory(): Registered gRPC service: omada.dispatcher.service.NodeGrpcDispatchService, bean: com.tplink.smb.omada.dispatcher.cluster.grpc.server.NodeGrpcDispatchService, class: com.tplink.smb.omada.dispatcher.cluster.grpc.server.NodeGrpcDispatchService
11-06-2025 10:06:55.250 INFO [main] [] n.d.b.g.s.s.AbstractGrpcServerFactory(): Registered gRPC service: omada.dispatcher.service.ResolveCallCrossInstanceForLocalService, bean: com.tplink.smb.omada.dispatcher.cluster.grpc.server.OmadaClusterUniversalMethodResolveServer, class: com.tplink.smb.omada.dispatcher.cluster.grpc.server.OmadaClusterUniversalMethodResolveServer
11-06-2025 10:06:55.250 INFO [main] [] n.d.b.g.s.s.AbstractGrpcServerFactory(): Registered gRPC service: grpc.health.v1.Health, bean: grpcHealthService, class: io.grpc.protobuf.services.HealthServiceImpl
11-06-2025 10:06:55.250 INFO [main] [] n.d.b.g.s.s.AbstractGrpcServerFactory(): Registered gRPC service: grpc.reflection.v1alpha.ServerReflection, bean: protoReflectionService, class: io.grpc.protobuf.services.ProtoReflectionService
11-06-2025 10:06:55.403 INFO [main] [] n.d.b.g.s.s.GrpcServerLifecycle(): gRPC Server started, listening on address: *, port: 9098
11-06-2025 10:06:55.539 INFO [main] [] c.t.s.l.c.s.d.CacheLogConsumeHandler(): log mq consume task is start...
11-06-2025 10:06:55.543 INFO [main] [] c.t.s.o.s.OmadaLinuxMain(): Started OmadaLinuxMain in 55.931 seconds (process running for 65.424)
11-06-2025 10:06:55.727 INFO [main] [] c.t.s.o.s.t.SpringBootStartUpTask(): record: set property finished
11-06-2025 10:06:55.744 INFO [main] [] c.t.s.o.s.t.SpringBootStartUpTask(): record: configure log finished
11-06-2025 10:06:55.744 INFO [main] [] c.t.s.o.s.t.SpringBootStartUpTask(): record: task SpringBootStartupTask finished
11-06-2025 10:06:55.745 INFO [main] [] c.t.s.o.s.t.OmadacInitTask(): record: before OmadacInitTask
11-06-2025 10:06:55.788 INFO [main] [] c.t.s.o.s.t.OmadacInitTask(): record: before init bean
11-06-2025 10:06:55.820 INFO [main] [] c.t.s.o.s.t.OmadacInitTask(): record: after init bean
11-06-2025 10:06:56.013 INFO [main] [] c.t.s.o.i.a.b.d(): name=default_name tenant is not exist.
11-06-2025 10:06:56.028 INFO [main] [] c.t.s.o.i.a.b.d(): name=default_name tenant is not exist.
11-06-2025 10:06:56.318 WARN [main] [] c.t.s.o.g.c.d.m.g.b.l(): globalSetting not found, CentralId:ac43648f87e429fc31ad4194980333c0
11-06-2025 10:06:56.322 WARN [main] [] c.t.s.o.g.c.d.m.g.b.a(): CentralId:ac43648f87e429fc31ad4194980333c0, updateMfaStatus globalSetting not found.
11-06-2025 10:06:56.597 INFO [main] [] c.t.s.o.m.c.a.o.d(): OmadacApplicationService createOmadac omadacId OmadacId(ac43648f87e429fc31ad4194980333c0) omadaType advanced scenarios [Hotel, Restaurant, Shopping Mall, Airport, Office, Factory, Dormitory, Campus, Hospital, Home]
11-06-2025 10:06:56.671 WARN [main] [] c.t.s.o.g.c.d.m.g.b.a(): editGlobalSettings, globalSetting not found, will create. CentralId:ac43648f87e429fc31ad4194980333c0
11-06-2025 10:06:56.752 WARN [main] [] c.t.s.e.p.l.LocalEventCenter(): no handlers for topic: omadacentral.settings.organization.event,
11-06-2025 10:06:56.752 WARN [main] [] c.t.s.e.p.l.LocalEventCenter(): Failed to knock event, filterKey: scenario, topic:omadacentral.settings.organization.event
11-06-2025 10:06:56.969 WARN [main] [] c.t.s.o.g.c.d.m.g.b.a(): Central Id already exists, CentralId:ac43648f87e429fc31ad4194980333c0, oldName:Omada Controller_0333C0, newName:Omada Controller_0333C0.
11-06-2025 10:06:56.972 INFO [main] [] c.t.s.o.i.d.m.o.b.a.a(): Initializing client settings of OmadacId: ac43648f87e429fc31ad4194980333c0
11-06-2025 10:06:57.096 INFO [main] [] c.t.s.o.s.d.a(): succeed in initializing default omadac OmadacVO(id=ac43648f87e429fc31ad4194980333c0, name=Omada Controller_0333C0, pattern=0)
11-06-2025 10:06:57.097 INFO [main] [] c.t.s.o.s.d.a(): compatibleOrInitData : 0
11-06-2025 10:06:57.148 INFO [main] [] c.t.s.o.s.p.m.d.b(): No startUpInfo exists.
11-06-2025 10:06:57.170 INFO [main] [] c.t.s.o.s.p.m.e(): init pbkdf2KeySaltIv.
11-06-2025 10:06:57.220 INFO [main] [] c.t.s.o.s.t.OmadacInitTask(): Start init data.
11-06-2025 10:06:57.221 ERROR [main] [] c.t.s.f.c.FacadeUtils(): facadeMsgEnable is not enable, msg: Start init data.
11-06-2025 10:06:57.742 INFO [main] [] c.t.s.o.s.t.OmadacInitTask(): initializing controllerId. OmadacVO(id=ac43648f87e429fc31ad4194980333c0, name=Omada Controller_0333C0, pattern=null)
11-06-2025 10:06:57.774 INFO [main] [] c.t.s.o.s.t.OmadacInitTask(): record: before init for hwc
11-06-2025 10:06:57.774 INFO [main] [] c.t.s.o.s.t.OmadacInitTask(): record: after init for hwc
11-06-2025 10:06:59.801 INFO [main] [] c.t.s.o.m.p.c.o.ActiveSiteCacheImpl(): Scheduled ActiveSitesCache period flush buf task at fixed rate of 30000 millis.
11-06-2025 10:07:00.253 INFO [main] [] c.t.s.o.c.c.p.c.o.s.ActiveSiteCacheImpl(): Scheduled ActiveSitesCache period flush buf task at fixed rate of 30000 millis.
11-06-2025 10:07:01.750 INFO [main] [] c.t.s.o.m.d.d.d(): init token valid duration : 86400
11-06-2025 10:07:04.385 INFO [main] [] c.t.s.o.d.g.c.c.o.ActiveSiteCacheImpl(): Scheduled ActiveSitesCache period flush buf task at fixed rate of 30000 millis.
11-06-2025 10:07:04.842 INFO [main] [] c.t.s.o.i.p.c.e.s.a(): Register topic omadacentral.settings.organization.event with groupId omada-global-manage-event-group for com.tplink.smb.omada.identityaccess.port.common.eventcenter.subscriber.a.
11-06-2025 10:07:04.873 INFO [main] [] c.t.s.o.i.p.c.e.s.e(): Register topic omadacentral.settings.ipaccessrule.event with groupId omada-global-ip-access-manage-event-group for com.tplink.smb.omada.identityaccess.port.common.eventcenter.subscriber.e.
11-06-2025 10:07:05.193 INFO [main] [] c.t.s.o.p.p.r.a.c(): init nioEventLoopGroup
11-06-2025 10:07:05.531 INFO [main] [] c.t.s.o.c.d.d.a.b(): init DpiTrafficNotifyWatcher
11-06-2025 10:07:05.551 INFO [main] [] c.t.s.o.m.c.d.m.s.a.AbstractActiveSiteCacheImpl(): Scheduled ActiveSitesCache period flush buf task at fixed rate of 30000 millis.
11-06-2025 10:07:09.556 INFO [main] [] c.t.s.o.m.c.p.e.c.a(): Register topic omadacentral.settings.organization.event with groupId omada-manager-global-setting-event-group for com.tplink.smb.omada.manager.configuration.port.eventcenter.central.a.
11-06-2025 10:07:09.842 INFO [main] [] c.t.s.o.l.p.c.s.a.a(): Scheduled APP push task at fixed rate: PT5M
11-06-2025 10:07:10.108 INFO [main] [] c.t.s.o.l.p.c.e.c.b(): Register topic omadacentral.settings.organization.event with groupId omada-log-global-setting-event-group for com.tplink.smb.omada.logmanager.port.commom.eventcenter.central.b.
11-06-2025 10:07:10.179 INFO [main] [] c.t.s.o.m.d.m.v.m(): log mq produce task is starting...
11-06-2025 10:07:10.237 INFO [main] [] c.t.s.o.m.d.p.e.c.a(): Register topic omadacentral.settings.organization.event with groupId omada-monitor-global-setting-event-group for com.tplink.smb.omada.monitor.datatrack.port.eventcenter.central.a.
11-06-2025 10:07:15.100 INFO [main] [] c.t.s.o.c.d.a.m(): Initializing clientRestrict: Optional[12000000]
11-06-2025 10:07:15.151 INFO [main] [] c.t.s.o.a.d.s.p.e.OmadacTypeUpdateEventSubscriber(): Register topic omadacentral.settings.organization.event with groupId omada-api-gateway-org-type-group for com.tplink.smb.omada.apigateway.dispatch.stomp.port.eventcenter.OmadacTypeUpdateEventSubscriber.
11-06-2025 10:07:15.153 INFO [main] [] c.t.s.o.a.d.s.p.e.IpAccessEventSubscriber(): Register topic omadacentral.settings.ipaccessrule.event with groupId omada-api-gateway-ip-access-group for com.tplink.smb.omada.apigateway.dispatch.stomp.port.eventcenter.IpAccessEventSubscriber.
11-06-2025 10:07:15.314 INFO [main] [] c.t.s.o.c.p.e.d(): start to register inform kafka topic, topic:omada.v2.devicegateway.device.inform, groupId:OMADA_DEVICE_INFORM_FROM_DEV_GW_GROUP_V2_OMADA_CLIENT
11-06-2025 10:07:15.324 INFO [main] [] c.t.s.o.m.d.p.e.e(): Register topic omada.v2.devicegateway.device.inform with groupId omada-manager-device-inform-v2-group for com.tplink.smb.omada.manager.device.port.eventcenter.e.
11-06-2025 10:07:15.927 INFO [main] [] c.t.s.o.m.s.p.a.a(): Get black sheets null
11-06-2025 10:07:16.612 INFO [main] [] c.t.s.o.m.s.p.s.c(): Get black sheets null
11-06-2025 10:07:17.380 INFO [comm-pool-1] [] c.t.s.o.s.t.OmadacInitTask(): Starting collection maintenance.
11-06-2025 10:07:17.396 INFO [main] [] c.t.s.o.p.r.b.d(): DisconnectRequestServer start
11-06-2025 10:07:17.964 INFO [main] [] c.t.s.o.s.t.OmadacInitTask(): initBuiltInRadiusServer
11-06-2025 10:07:18.052 INFO [main] [] c.t.s.o.s.d.a(): refreshOmadacIdProps, response:OmadacVO(id=ac43648f87e429fc31ad4194980333c0, name=Omada Controller_0333C0, pattern=null)
11-06-2025 10:07:18.052 INFO [main] [] c.t.s.o.s.d.a(): record: after OmadacInitTask
11-06-2025 10:07:18.053 INFO [main] [] c.t.s.o.s.t.CloudStartUpTask(): record: CloudStartUpTask start
11-06-2025 10:07:18.053 INFO [msg-daemon-stop-thread] [] c.t.s.o.s.g.f(): Stop startup message daemon.
11-06-2025 10:07:18.054 INFO [main] [] c.t.s.o.s.t.CloudStartUpTask(): record: CloudStartUpTask finished
11-06-2025 10:07:18.054 INFO [main] [] c.t.s.o.s.t.OmadacDiscoveryStartUpTask(): record: OmadacDiscoveryStartUpTask start
11-06-2025 10:07:18.055 INFO [main] [] c.t.s.o.s.t.OmadacDiscoveryStartUpTask(): record: OmadacDiscoveryStartUpTask finished
11-06-2025 10:07:18.085 INFO [main] [] c.t.s.o.d.g.a(): Init Local Device-gateway Managed Device: [ap, ems, pro switch, pro ap, switch, gateway, pro gateway, olt]
11-06-2025 10:07:18.122 INFO [main] [] c.t.s.o.d.g.a(): startServers, DISCOVERY host:null.
11-06-2025 10:07:18.125 INFO [main] [] c.t.s.o.d.g.a(): discovery Port is 29810.
11-06-2025 10:07:18.125 INFO [main] [] c.t.s.o.d.g.a(): manage    port v1 is 29811.
11-06-2025 10:07:18.125 INFO [main] [] c.t.s.o.d.g.a(): manage    port v2 is 29814.
11-06-2025 10:07:18.125 INFO [main] [] c.t.s.o.d.g.a(): adopt     port v1 is 29812.
11-06-2025 10:07:18.125 INFO [main] [] c.t.s.o.d.g.a(): upgrade   port is 29813.
11-06-2025 10:07:18.125 INFO [main] [] c.t.s.o.d.g.a(): transfer  port is 29815.
11-06-2025 10:07:18.125 INFO [main] [] c.t.s.o.d.g.a(): rtty port is 29816.
11-06-2025 10:07:18.212 INFO [main] [] c.t.s.e.t.a.t.AbstractServer(): Start NettyUdpServer bind /0.0.0.0:29810, export localhost/127.0.0.1:29810
11-06-2025 10:07:18.219 INFO [main] [] c.t.s.e.t.a.t.AbstractServer(): Start NettyUdpServer bind /0.0.0.0:19810, export localhost/127.0.0.1:19810
11-06-2025 10:07:18.284 INFO [main] [] c.t.s.e.t.a.t.AbstractServer(): Start NettyTcpServer bind /0.0.0.0:29812, export localhost/127.0.0.1:29812
11-06-2025 10:07:18.291 INFO [main] [] c.t.s.e.t.a.t.AbstractServer(): Start NettyTcpServer bind /0.0.0.0:29811, export localhost/127.0.0.1:29811
11-06-2025 10:07:18.300 INFO [main] [] c.t.s.e.t.a.t.AbstractServer(): Start NettyTcpServer bind /0.0.0.0:29813, export localhost/127.0.0.1:29813
11-06-2025 10:07:18.310 INFO [main] [] c.t.s.e.t.a.t.AbstractServer(): Start NettyTcpServer bind /0.0.0.0:29814, export localhost/127.0.0.1:29814
11-06-2025 10:07:18.317 INFO [main] [] c.t.s.e.t.a.t.AbstractServer(): Start NettyTcpServer bind /0.0.0.0:29815, export localhost/127.0.0.1:29815
11-06-2025 10:07:18.335 INFO [main] [] c.t.s.e.t.a.t.AbstractServer(): Start RttyNettyTcpServer bind /0.0.0.0:29816, export localhost/127.0.0.1:29816
11-06-2025 10:07:18.336 ERROR [main] [] c.t.s.f.c.FacadeUtils(): facadeMsgEnable is not enable, msg: Device connector server started.
11-06-2025 10:07:18.338 ERROR [main] [] c.t.s.f.c.FacadeUtils(): facadeMsgEnable is not enable, msg: Omada Controller started
11-06-2025 10:07:18.339 INFO [main] [] c.t.s.o.s.t.SuccessExitTask(): Omada Controller started
11-06-2025 10:07:18.425 INFO [main] [] c.t.s.o.s.OmadaBootstrap(): record: finished run omada tasks
11-06-2025 10:07:24.554 INFO [netty-udp-server-5-1] [] c.t.s.e.c.u.OmadaPIIUtils(): pii cache size: 25000, timeout: 60 s
11-06-2025 10:07:25.162 INFO [discovery-work-group-0] [] c.t.s.o.m.d.d.m.e.a(): NO_MANAGED Device 30-68-93-15-B6-92 on omadac ac43648f87e429fc31ad4194980333c0 is discovered.
11-06-2025 10:07:40.267 INFO [comm-pool-1] [] c.t.s.o.s.t.OmadacInitTask(): Finished collection maintenance.
11-06-2025 10:07:48.035 INFO [comm-pool-8] [] c.t.s.o.m.d.a.u.f.d(): Target firmware check task run
11-06-2025 10:07:48.035 INFO [update-device-model-info-task-pool-0] [] c.t.s.o.m.d.d.m.d.d(): start to update device model template information
11-06-2025 10:07:48.035 INFO [check-ca-certificate-update-work-group-0] [] c.t.s.o.m.c.f(): Checking Last Ca Certification...
11-06-2025 10:07:48.039 INFO [comm-pool-8] [] c.t.s.o.m.d.a.u.f.d(): no omadac need handle target firmware upgrade
11-06-2025 10:08:46.038 INFO [check-update-work-group-0] [] c.t.s.o.m.c.r(): Start sync Cloud Users OmadacId(ac43648f87e429fc31ad4194980333c0).
11-06-2025 10:12:48.035 INFO [comm-pool-10] [] c.t.s.o.m.d.a.u.f.d(): Target firmware check task run
11-06-2025 10:12:48.037 INFO [comm-pool-10] [] c.t.s.o.m.d.a.u.f.d(): no omadac need handle target firmware upgrade
11-06-2025 10:17:48.035 INFO [comm-pool-14] [] c.t.s.o.m.d.a.u.f.d(): Target firmware check task run
11-06-2025 10:17:48.037 INFO [comm-pool-14] [] c.t.s.o.m.d.a.u.f.d(): no omadac need handle target firmware upgrade
